# JRE version: OpenJDK Runtime Environment Microsoft-8035250 (11.0.20+8) (build 11.0.20+8-LTS)
# Java VM: OpenJDK 64-Bit Server VM Microsoft-8035250 (11.0.20+8-LTS, mixed mode, tiered, compressed oops, g1 gc, windows-amd64)
Heap:
 garbage-first heap   total 301056K, used 129595K [0x0000000080000000, 0x0000000100000000)
  region size 1024K, 2 young (2048K), 2 survivors (2048K)
 Metaspace       used 145711K, capacity 149647K, committed 149708K, reserved 647168K
  class space    used 18780K, capacity 20315K, committed 20352K, reserved 516096K
GC Heap History (20 events):
Event: 3189.581 GC heap before
{Heap before GC invocations=91 (full 0):
 garbage-first heap   total 183296K, used 152670K [0x0000000080000000, 0x0000000100000000)
  region size 1024K, 37 young (37888K), 3 survivors (3072K)
 Metaspace       used 138961K, capacity 142778K, committed 143052K, reserved 641024K
  class space    used 17982K, capacity 19467K, committed 19584K, reserved 516096K
}
Event: 3189.604 GC heap after
{Heap after GC invocations=92 (full 0):
 garbage-first heap   total 183296K, used 120923K [0x0000000080000000, 0x0000000100000000)
  region size 1024K, 5 young (5120K), 5 survivors (5120K)
 Metaspace       used 138961K, capacity 142778K, committed 143052K, reserved 641024K
  class space    used 17982K, capacity 19467K, committed 19584K, reserved 516096K
}
Event: 3192.826 GC heap before
{Heap before GC invocations=92 (full 0):
 garbage-first heap   total 183296K, used 154715K [0x0000000080000000, 0x0000000100000000)
  region size 1024K, 38 young (38912K), 5 survivors (5120K)
 Metaspace       used 142277K, capacity 146215K, committed 146380K, reserved 643072K
  class space    used 18472K, capacity 19979K, committed 20096K, reserved 516096K
}
Event: 3192.855 GC heap after
{Heap after GC invocations=93 (full 0):
 garbage-first heap   total 183296K, used 123141K [0x0000000080000000, 0x0000000100000000)
  region size 1024K, 3 young (3072K), 3 survivors (3072K)
 Metaspace       used 142277K, capacity 146215K, committed 146380K, reserved 643072K
  class space    used 18472K, capacity 19979K, committed 20096K, reserved 516096K
}
Event: 3198.888 GC heap before
{Heap before GC invocations=94 (full 0):
 garbage-first heap   total 183296K, used 154885K [0x0000000080000000, 0x0000000100000000)
  region size 1024K, 34 young (34816K), 3 survivors (3072K)
 Metaspace       used 144268K, capacity 148157K, committed 148300K, reserved 645120K
  class space    used 18686K, capacity 20215K, committed 20224K, reserved 516096K
}
Event: 3198.902 GC heap after
{Heap after GC invocations=95 (full 0):
 garbage-first heap   total 183296K, used 126786K [0x0000000080000000, 0x0000000100000000)
  region size 1024K, 5 young (5120K), 5 survivors (5120K)
 Metaspace       used 144268K, capacity 148157K, committed 148300K, reserved 645120K
  class space    used 18686K, capacity 20215K, committed 20224K, reserved 516096K
}
Event: 3199.040 GC heap before
{Heap before GC invocations=95 (full 0):
 garbage-first heap   total 183296K, used 129858K [0x0000000080000000, 0x0000000100000000)
  region size 1024K, 8 young (8192K), 5 survivors (5120K)
 Metaspace       used 144330K, capacity 148223K, committed 148300K, reserved 645120K
  class space    used 18694K, capacity 20215K, committed 20224K, reserved 516096K
}
Event: 3199.078 GC heap after
{Heap after GC invocations=96 (full 0):
 garbage-first heap   total 183296K, used 127480K [0x0000000080000000, 0x0000000100000000)
  region size 1024K, 1 young (1024K), 1 survivors (1024K)
 Metaspace       used 144330K, capacity 148223K, committed 148300K, reserved 645120K
  class space    used 18694K, capacity 20215K, committed 20224K, reserved 516096K
}
Event: 3222.277 GC heap before
{Heap before GC invocations=96 (full 0):
 garbage-first heap   total 183296K, used 155128K [0x0000000080000000, 0x0000000100000000)
  region size 1024K, 29 young (29696K), 1 survivors (1024K)
 Metaspace       used 145644K, capacity 149583K, committed 149708K, reserved 647168K
  class space    used 18774K, capacity 20315K, committed 20352K, reserved 516096K
}
Event: 3222.291 GC heap after
{Heap after GC invocations=97 (full 0):
 garbage-first heap   total 183296K, used 129092K [0x0000000080000000, 0x0000000100000000)
  region size 1024K, 3 young (3072K), 3 survivors (3072K)
 Metaspace       used 145644K, capacity 149583K, committed 149708K, reserved 647168K
  class space    used 18774K, capacity 20315K, committed 20352K, reserved 516096K
}
Event: 3316.824 GC heap before
{Heap before GC invocations=98 (full 0):
 garbage-first heap   total 183296K, used 155716K [0x0000000080000000, 0x0000000100000000)
  region size 1024K, 29 young (29696K), 3 survivors (3072K)
 Metaspace       used 145639K, capacity 149574K, committed 149708K, reserved 647168K
  class space    used 18772K, capacity 20312K, committed 20352K, reserved 516096K
}
Event: 3317.056 GC heap after
{Heap after GC invocations=99 (full 0):
 garbage-first heap   total 183296K, used 129129K [0x0000000080000000, 0x0000000100000000)
  region size 1024K, 2 young (2048K), 2 survivors (2048K)
 Metaspace       used 145639K, capacity 149574K, committed 149708K, reserved 647168K
  class space    used 18772K, capacity 20312K, committed 20352K, reserved 516096K
}
Event: 3350.502 GC heap before
{Heap before GC invocations=99 (full 0):
 garbage-first heap   total 183296K, used 135273K [0x0000000080000000, 0x0000000100000000)
  region size 1024K, 8 young (8192K), 2 survivors (2048K)
 Metaspace       used 145639K, capacity 149574K, committed 149708K, reserved 647168K
  class space    used 18772K, capacity 20312K, committed 20352K, reserved 516096K
}
Event: 3350.552 GC heap after
{Heap after GC invocations=100 (full 0):
 garbage-first heap   total 183296K, used 128689K [0x0000000080000000, 0x0000000100000000)
  region size 1024K, 1 young (1024K), 1 survivors (1024K)
 Metaspace       used 145639K, capacity 149574K, committed 149708K, reserved 647168K
  class space    used 18772K, capacity 20312K, committed 20352K, reserved 516096K
}
Event: 3458.817 GC heap before
{Heap before GC invocations=100 (full 0):
 garbage-first heap   total 183296K, used 156337K [0x0000000080000000, 0x0000000100000000)
  region size 1024K, 28 young (28672K), 1 survivors (1024K)
 Metaspace       used 145644K, capacity 149574K, committed 149708K, reserved 647168K
  class space    used 18772K, capacity 20312K, committed 20352K, reserved 516096K
}
Event: 3458.954 GC heap after
{Heap after GC invocations=101 (full 0):
 garbage-first heap   total 183296K, used 128396K [0x0000000080000000, 0x0000000100000000)
  region size 1024K, 1 young (1024K), 1 survivors (1024K)
 Metaspace       used 145644K, capacity 149574K, committed 149708K, reserved 647168K
  class space    used 18772K, capacity 20312K, committed 20352K, reserved 516096K
}
Event: 3569.922 GC heap before
{Heap before GC invocations=102 (full 0):
 garbage-first heap   total 183296K, used 144780K [0x0000000080000000, 0x0000000100000000)
  region size 1024K, 19 young (19456K), 1 survivors (1024K)
 Metaspace       used 145686K, capacity 149580K, committed 149708K, reserved 647168K
  class space    used 18778K, capacity 20314K, committed 20352K, reserved 516096K
}
Event: 3570.177 GC heap after
{Heap after GC invocations=103 (full 0):
 garbage-first heap   total 183296K, used 128641K [0x0000000080000000, 0x0000000100000000)
  region size 1024K, 1 young (1024K), 1 survivors (1024K)
 Metaspace       used 145686K, capacity 149580K, committed 149708K, reserved 647168K
  class space    used 18778K, capacity 20314K, committed 20352K, reserved 516096K
}
Event: 3577.355 GC heap before
{Heap before GC invocations=104 (full 0):
 garbage-first heap   total 183296K, used 132737K [0x0000000080000000, 0x0000000100000000)
  region size 1024K, 5 young (5120K), 1 survivors (1024K)
 Metaspace       used 145711K, capacity 149647K, committed 149708K, reserved 647168K
  class space    used 18780K, capacity 20315K, committed 20352K, reserved 516096K
}
Event: 3577.371 GC heap after
{Heap after GC invocations=105 (full 0):
 garbage-first heap   total 183296K, used 129595K [0x0000000080000000, 0x0000000100000000)
  region size 1024K, 2 young (2048K), 2 survivors (2048K)
 Metaspace       used 145711K, capacity 149647K, committed 149708K, reserved 647168K
  class space    used 18780K, capacity 20315K, committed 20352K, reserved 516096K
}

