# JRE version: OpenJDK Runtime Environment Microsoft-8035250 (11.0.20+8) (build 11.0.20+8-LTS)
# Java VM: OpenJDK 64-Bit Server VM Microsoft-8035250 (11.0.20+8-LTS, mixed mode, tiered, compressed oops, g1 gc, windows-amd64)
Heap:
 garbage-first heap   total 126976K, used 55014K [0x0000000080000000, 0x0000000100000000)
  region size 1024K, 38 young (38912K), 7 survivors (7168K)
 Metaspace       used 38383K, capacity 39369K, committed 39552K, reserved 550912K
  class space    used 4844K, capacity 5222K, committed 5248K, reserved 516096K
GC Heap History (16 events):
Event: 10.101 GC heap before
{Heap before GC invocations=0 (full 0):
 garbage-first heap   total 126976K, used 13312K [0x0000000080000000, 0x0000000100000000)
  region size 1024K, 14 young (14336K), 0 survivors (0K)
 Metaspace       used 6812K, capacity 6989K, committed 7168K, reserved 524288K
  class space    used 574K, capacity 650K, committed 768K, reserved 516096K
}
Event: 10.412 GC heap after
{Heap after GC invocations=1 (full 0):
 garbage-first heap   total 126976K, used 4140K [0x0000000080000000, 0x0000000100000000)
  region size 1024K, 2 young (2048K), 2 survivors (2048K)
 Metaspace       used 6812K, capacity 6989K, committed 7168K, reserved 524288K
  class space    used 574K, capacity 650K, committed 768K, reserved 516096K
}
Event: 12.727 GC heap before
{Heap before GC invocations=1 (full 0):
 garbage-first heap   total 126976K, used 20524K [0x0000000080000000, 0x0000000100000000)
  region size 1024K, 14 young (14336K), 2 survivors (2048K)
 Metaspace       used 9995K, capacity 10182K, committed 10368K, reserved 526336K
  class space    used 1014K, capacity 1102K, committed 1152K, reserved 516096K
}
Event: 12.734 GC heap after
{Heap after GC invocations=2 (full 0):
 garbage-first heap   total 126976K, used 10623K [0x0000000080000000, 0x0000000100000000)
  region size 1024K, 2 young (2048K), 2 survivors (2048K)
 Metaspace       used 9995K, capacity 10182K, committed 10368K, reserved 526336K
  class space    used 1014K, capacity 1102K, committed 1152K, reserved 516096K
}
Event: 19.600 GC heap before
{Heap before GC invocations=2 (full 0):
 garbage-first heap   total 126976K, used 40319K [0x0000000080000000, 0x0000000100000000)
  region size 1024K, 30 young (30720K), 2 survivors (2048K)
 Metaspace       used 10988K, capacity 11263K, committed 11520K, reserved 526336K
  class space    used 1115K, capacity 1206K, committed 1280K, reserved 516096K
}
Event: 19.607 GC heap after
{Heap after GC invocations=3 (full 0):
 garbage-first heap   total 126976K, used 13039K [0x0000000080000000, 0x0000000100000000)
  region size 1024K, 4 young (4096K), 4 survivors (4096K)
 Metaspace       used 10988K, capacity 11263K, committed 11520K, reserved 526336K
  class space    used 1115K, capacity 1206K, committed 1280K, reserved 516096K
}
Event: 131.214 GC heap before
{Heap before GC invocations=3 (full 0):
 garbage-first heap   total 126976K, used 55023K [0x0000000080000000, 0x0000000100000000)
  region size 1024K, 45 young (46080K), 4 survivors (4096K)
 Metaspace       used 18724K, capacity 19103K, committed 19200K, reserved 534528K
  class space    used 2123K, capacity 2241K, committed 2304K, reserved 516096K
}
Event: 131.524 GC heap after
{Heap after GC invocations=4 (full 0):
 garbage-first heap   total 126976K, used 18177K [0x0000000080000000, 0x0000000100000000)
  region size 1024K, 6 young (6144K), 6 survivors (6144K)
 Metaspace       used 18724K, capacity 19103K, committed 19200K, reserved 534528K
  class space    used 2123K, capacity 2241K, committed 2304K, reserved 516096K
}
Event: 138.502 GC heap before
{Heap before GC invocations=4 (full 0):
 garbage-first heap   total 126976K, used 28417K [0x0000000080000000, 0x0000000100000000)
  region size 1024K, 18 young (18432K), 6 survivors (6144K)
 Metaspace       used 20575K, capacity 21006K, committed 21248K, reserved 536576K
  class space    used 2390K, capacity 2542K, committed 2560K, reserved 516096K
}
Event: 138.512 GC heap after
{Heap after GC invocations=5 (full 0):
 garbage-first heap   total 126976K, used 18657K [0x0000000080000000, 0x0000000100000000)
  region size 1024K, 1 young (1024K), 1 survivors (1024K)
 Metaspace       used 20575K, capacity 21006K, committed 21248K, reserved 536576K
  class space    used 2390K, capacity 2542K, committed 2560K, reserved 516096K
}
Event: 163.439 GC heap before
{Heap before GC invocations=6 (full 0):
 garbage-first heap   total 126976K, used 61665K [0x0000000080000000, 0x0000000100000000)
  region size 1024K, 43 young (44032K), 1 survivors (1024K)
 Metaspace       used 24497K, capacity 25094K, committed 25344K, reserved 538624K
  class space    used 3019K, capacity 3270K, committed 3328K, reserved 516096K
}
Event: 163.448 GC heap after
{Heap after GC invocations=7 (full 0):
 garbage-first heap   total 126976K, used 19865K [0x0000000080000000, 0x0000000100000000)
  region size 1024K, 2 young (2048K), 2 survivors (2048K)
 Metaspace       used 24497K, capacity 25094K, committed 25344K, reserved 538624K
  class space    used 3019K, capacity 3270K, committed 3328K, reserved 516096K
}
Event: 185.806 GC heap before
{Heap before GC invocations=7 (full 0):
 garbage-first heap   total 126976K, used 66969K [0x0000000080000000, 0x0000000100000000)
  region size 1024K, 48 young (49152K), 2 survivors (2048K)
 Metaspace       used 28708K, capacity 29368K, committed 29568K, reserved 542720K
  class space    used 3680K, capacity 3956K, committed 3968K, reserved 516096K
}
Event: 185.816 GC heap after
{Heap after GC invocations=8 (full 0):
 garbage-first heap   total 126976K, used 21535K [0x0000000080000000, 0x0000000100000000)
  region size 1024K, 4 young (4096K), 4 survivors (4096K)
 Metaspace       used 28708K, capacity 29368K, committed 29568K, reserved 542720K
  class space    used 3680K, capacity 3956K, committed 3968K, reserved 516096K
}
Event: 227.334 GC heap before
{Heap before GC invocations=8 (full 0):
 garbage-first heap   total 126976K, used 69663K [0x0000000080000000, 0x0000000100000000)
  region size 1024K, 52 young (53248K), 4 survivors (4096K)
 Metaspace       used 34656K, capacity 35439K, committed 35584K, reserved 546816K
  class space    used 4426K, capacity 4743K, committed 4864K, reserved 516096K
}
Event: 227.372 GC heap after
{Heap after GC invocations=9 (full 0):
 garbage-first heap   total 126976K, used 24294K [0x0000000080000000, 0x0000000100000000)
  region size 1024K, 7 young (7168K), 7 survivors (7168K)
 Metaspace       used 34656K, capacity 35439K, committed 35584K, reserved 546816K
  class space    used 4426K, capacity 4743K, committed 4864K, reserved 516096K
}

